<?xml version="1.0" encoding="UTF-8"?>
<!-- Generated by org.testng.reporters.JUnitXMLReporter -->
<testsuite ignored="0" hostname="DESKTOP-R6265M9" failures="0" tests="8" name="Test" time="76.884" errors="0" timestamp="2025-11-13T13:38:39 IST">
  <testcase classname="testCases.TC001_AccountRegistration" name="verify_account_registration" time="5.484"/>
  <testcase classname="testCases.TC002_Login_Test" name="test_login" time="3.65"/>
  <testcase classname="testCases.TC003_LoginDDT" name="verify_login" time="17.368"/>
  <testcase classname="testCases.TC003_LoginDDT" name="verify_login" time="3.832"/>
  <testcase classname="testCases.TC003_LoginDDT" name="verify_login" time="3.479"/>
  <testcase classname="testCases.TC003_LoginDDT" name="verify_login" time="3.003"/>
  <testcase classname="testCases.TC003_LoginDDT" name="verify_login" time="3.551"/>
  <testcase classname="testCases.TC003_LoginDDT" name="verify_login" time="18.018"/>
</testsuite> <!-- Test -->
