<?xml version="1.0" encoding="UTF-8"?>
<!-- Generated by org.testng.reporters.JUnitXMLReporter -->
<testsuite ignored="0" hostname="DESKTOP-R6265M9" failures="2" tests="8" name="Test" time="59.366" errors="0" timestamp="2025-11-12T15:32:24 IST">
  <testcase classname="testCases.TC001_AccountRegistration" name="verify_account_registration" time="2.993"/>
  <testcase classname="testCases.TC002_Login_Test" name="test_login" time="2.034"/>
  <testcase classname="testCases.TC003_LoginDDT" name="verify_login" time="16.578">
    <failure type="java.lang.AssertionError" message="expected [true] but found [false]">
      <![CDATA[java.lang.AssertionError: expected [true] but found [false]
at testCases.TC003_LoginDDT.verify_login(TC003_LoginDDT.java:59)
at java.base/java.util.ArrayList.forEach(ArrayList.java:1604)
... Removed 33 stack frames]]>
    </failure>
  </testcase> <!-- verify_login -->
  <testcase classname="testCases.TC003_LoginDDT" name="verify_login" time="2.263"/>
  <testcase classname="testCases.TC003_LoginDDT" name="verify_login" time="1.887"/>
  <testcase classname="testCases.TC003_LoginDDT" name="verify_login" time="1.964"/>
  <testcase classname="testCases.TC003_LoginDDT" name="verify_login" time="2.051"/>
  <testcase classname="testCases.TC003_LoginDDT" name="verify_login" time="16.502">
    <failure type="java.lang.AssertionError" message="expected [true] but found [false]">
      <![CDATA[java.lang.AssertionError: expected [true] but found [false]
at testCases.TC003_LoginDDT.verify_login(TC003_LoginDDT.java:59)
at java.base/java.util.ArrayList.forEach(ArrayList.java:1604)
... Removed 33 stack frames]]>
    </failure>
  </testcase> <!-- verify_login -->
</testsuite> <!-- Test -->
