<?xml version="1.0" encoding="UTF-8"?>
<!-- Generated by org.testng.reporters.JUnitXMLReporter -->
<testsuite ignored="0" hostname="DESKTOP-R6265M9" failures="2" tests="8" name="Test" time="53.764" errors="0" timestamp="2025-11-12T12:37:28 IST">
  <testcase classname="testCases.TC001_AccountRegistration" name="verify_account_registration" time="2.242"/>
  <testcase classname="testCases.TC002_Login_Test" name="test_login" time="1.745"/>
  <testcase classname="testCases.TC003_LoginDDT" name="verify_login" time="16.481">
    <failure type="java.lang.AssertionError" message="expected [true] but found [false]">
      <![CDATA[java.lang.AssertionError: expected [true] but found [false]
at testCases.TC003_LoginDDT.verify_login(TC003_LoginDDT.java:59)
at java.base/java.util.ArrayList.forEach(ArrayList.java:1604)
... Removed 33 stack frames]]>
    </failure>
  </testcase> <!-- verify_login -->
  <testcase classname="testCases.TC003_LoginDDT" name="verify_login" time="2.432"/>
  <testcase classname="testCases.TC003_LoginDDT" name="verify_login" time="2.028"/>
  <testcase classname="testCases.TC003_LoginDDT" name="verify_login" time="1.997"/>
  <testcase classname="testCases.TC003_LoginDDT" name="verify_login" time="2.021"/>
  <testcase classname="testCases.TC003_LoginDDT" name="verify_login" time="16.378">
    <failure type="java.lang.AssertionError" message="expected [true] but found [false]">
      <![CDATA[java.lang.AssertionError: expected [true] but found [false]
at testCases.TC003_LoginDDT.verify_login(TC003_LoginDDT.java:59)
at java.base/java.util.ArrayList.forEach(ArrayList.java:1604)
... Removed 33 stack frames]]>
    </failure>
  </testcase> <!-- verify_login -->
</testsuite> <!-- Test -->
