<?xml version="1.0" encoding="UTF-8"?>
<testng-results ignored="0" total="8" passed="8" failed="0" skipped="0">
  <reporter-output>
  </reporter-output>
  <suite started-at="2025-11-13T13:37:11 IST" name="Suite" finished-at="2025-11-13T13:38:27 IST" duration-ms="76884">
    <groups>
      <group name="Master">
        <method signature="TC001_AccountRegistration.verify_account_registration()[pri:0, instance:testCases.TC001_AccountRegistration@57ea113a]" name="verify_account_registration" class="testCases.TC001_AccountRegistration"/>
        <method signature="TC002_Login_Test.test_login()[pri:0, instance:testCases.TC002_Login_Test@7216fb24]" name="test_login" class="testCases.TC002_Login_Test"/>
      </group> <!-- Master -->
      <group name="Sanity">
        <method signature="TC002_Login_Test.test_login()[pri:0, instance:testCases.TC002_Login_Test@7216fb24]" name="test_login" class="testCases.TC002_Login_Test"/>
      </group> <!-- Sanity -->
      <group name="Regression">
        <method signature="TC001_AccountRegistration.verify_account_registration()[pri:0, instance:testCases.TC001_AccountRegistration@57ea113a]" name="verify_account_registration" class="testCases.TC001_AccountRegistration"/>
        <method signature="TC003_LoginDDT.verify_login(java.lang.String,java.lang.String,java.lang.String)[pri:0, instance:testCases.TC003_LoginDDT@2072acb2]" name="verify_login" class="testCases.TC003_LoginDDT"/>
      </group> <!-- Regression -->
    </groups>
    <test started-at="2025-11-13T13:37:11 IST" name="Test" finished-at="2025-11-13T13:38:27 IST" duration-ms="76884">
      <class name="testCases.TC001_AccountRegistration">
        <test-method is-config="true" signature="setup(java.lang.String,java.lang.String)[pri:0, instance:testCases.TC001_AccountRegistration@57ea113a]" started-at="2025-11-13T13:37:11 IST" name="setup" finished-at="2025-11-13T13:37:18 IST" duration-ms="7393" status="PASS">
          <params>
            <param index="0">
              <value>
                <![CDATA[linux]]>
              </value>
            </param>
            <param index="1">
              <value>
                <![CDATA[chrome]]>
              </value>
            </param>
          </params>
          <reporter-output>
          </reporter-output>
        </test-method> <!-- setup -->
        <test-method signature="verify_account_registration()[pri:0, instance:testCases.TC001_AccountRegistration@57ea113a]" started-at="2025-11-13T13:37:18 IST" name="verify_account_registration" finished-at="2025-11-13T13:37:24 IST" duration-ms="5484" status="PASS">
          <reporter-output>
          </reporter-output>
        </test-method> <!-- verify_account_registration -->
        <test-method is-config="true" signature="tearDown()[pri:0, instance:testCases.TC001_AccountRegistration@57ea113a]" started-at="2025-11-13T13:37:24 IST" name="tearDown" finished-at="2025-11-13T13:37:24 IST" duration-ms="121" status="PASS">
          <reporter-output>
          </reporter-output>
        </test-method> <!-- tearDown -->
      </class> <!-- testCases.TC001_AccountRegistration -->
      <class name="testCases.TC003_LoginDDT">
        <test-method is-config="true" signature="setup(java.lang.String,java.lang.String)[pri:0, instance:testCases.TC003_LoginDDT@2072acb2]" started-at="2025-11-13T13:37:31 IST" name="setup" finished-at="2025-11-13T13:37:36 IST" duration-ms="4301" status="PASS">
          <params>
            <param index="0">
              <value>
                <![CDATA[linux]]>
              </value>
            </param>
            <param index="1">
              <value>
                <![CDATA[chrome]]>
              </value>
            </param>
          </params>
          <reporter-output>
          </reporter-output>
        </test-method> <!-- setup -->
        <test-method signature="verify_login(java.lang.String,java.lang.String,java.lang.String)[pri:0, instance:testCases.TC003_LoginDDT@2072acb2]" started-at="2025-11-13T13:37:38 IST" name="verify_login" data-provider="LoginData" finished-at="2025-11-13T13:37:55 IST" duration-ms="17368" status="PASS">
          <params>
            <param index="0">
              <value>
                <![CDATA[laks@yahoo.com]]>
              </value>
            </param>
            <param index="1">
              <value>
                <![CDATA[xyz]]>
              </value>
            </param>
            <param index="2">
              <value>
                <![CDATA[inValid]]>
              </value>
            </param>
          </params>
          <reporter-output>
          </reporter-output>
        </test-method> <!-- verify_login -->
        <test-method signature="verify_login(java.lang.String,java.lang.String,java.lang.String)[pri:0, instance:testCases.TC003_LoginDDT@2072acb2]" started-at="2025-11-13T13:37:55 IST" name="verify_login" data-provider="LoginData" finished-at="2025-11-13T13:37:59 IST" duration-ms="3832" status="PASS">
          <params>
            <param index="0">
              <value>
                <![CDATA[lakshmi@yahoo.com]]>
              </value>
            </param>
            <param index="1">
              <value>
                <![CDATA[Laxmi]]>
              </value>
            </param>
            <param index="2">
              <value>
                <![CDATA[valid]]>
              </value>
            </param>
          </params>
          <reporter-output>
          </reporter-output>
        </test-method> <!-- verify_login -->
        <test-method signature="verify_login(java.lang.String,java.lang.String,java.lang.String)[pri:0, instance:testCases.TC003_LoginDDT@2072acb2]" started-at="2025-11-13T13:37:59 IST" name="verify_login" data-provider="LoginData" finished-at="2025-11-13T13:38:03 IST" duration-ms="3479" status="PASS">
          <params>
            <param index="0">
              <value>
                <![CDATA[abc123@gmail.com]]>
              </value>
            </param>
            <param index="1">
              <value>
                <![CDATA[test@123]]>
              </value>
            </param>
            <param index="2">
              <value>
                <![CDATA[Valid]]>
              </value>
            </param>
          </params>
          <reporter-output>
          </reporter-output>
        </test-method> <!-- verify_login -->
        <test-method signature="verify_login(java.lang.String,java.lang.String,java.lang.String)[pri:0, instance:testCases.TC003_LoginDDT@2072acb2]" started-at="2025-11-13T13:38:03 IST" name="verify_login" data-provider="LoginData" finished-at="2025-11-13T13:38:06 IST" duration-ms="3003" status="PASS">
          <params>
            <param index="0">
              <value>
                <![CDATA[laksh@yahoo.com]]>
              </value>
            </param>
            <param index="1">
              <value>
                <![CDATA[Lakshmi]]>
              </value>
            </param>
            <param index="2">
              <value>
                <![CDATA[valid]]>
              </value>
            </param>
          </params>
          <reporter-output>
          </reporter-output>
        </test-method> <!-- verify_login -->
        <test-method signature="verify_login(java.lang.String,java.lang.String,java.lang.String)[pri:0, instance:testCases.TC003_LoginDDT@2072acb2]" started-at="2025-11-13T13:38:06 IST" name="verify_login" data-provider="LoginData" finished-at="2025-11-13T13:38:09 IST" duration-ms="3551" status="PASS">
          <params>
            <param index="0">
              <value>
                <![CDATA[panda147@gmail.com]]>
              </value>
            </param>
            <param index="1">
              <value>
                <![CDATA[pandapanda]]>
              </value>
            </param>
            <param index="2">
              <value>
                <![CDATA[valid]]>
              </value>
            </param>
          </params>
          <reporter-output>
          </reporter-output>
        </test-method> <!-- verify_login -->
        <test-method signature="verify_login(java.lang.String,java.lang.String,java.lang.String)[pri:0, instance:testCases.TC003_LoginDDT@2072acb2]" started-at="2025-11-13T13:38:09 IST" name="verify_login" data-provider="LoginData" finished-at="2025-11-13T13:38:27 IST" duration-ms="18018" status="PASS">
          <params>
            <param index="0">
              <value>
                <![CDATA[pavanoltraining@gmail.com]]>
              </value>
            </param>
            <param index="1">
              <value>
                <![CDATA[test@123]]>
              </value>
            </param>
            <param index="2">
              <value>
                <![CDATA[invalid]]>
              </value>
            </param>
          </params>
          <reporter-output>
          </reporter-output>
        </test-method> <!-- verify_login -->
        <test-method is-config="true" signature="tearDown()[pri:0, instance:testCases.TC003_LoginDDT@2072acb2]" started-at="2025-11-13T13:38:27 IST" name="tearDown" finished-at="2025-11-13T13:38:27 IST" duration-ms="142" status="PASS">
          <reporter-output>
          </reporter-output>
        </test-method> <!-- tearDown -->
      </class> <!-- testCases.TC003_LoginDDT -->
      <class name="testCases.TC002_Login_Test">
        <test-method is-config="true" signature="setup(java.lang.String,java.lang.String)[pri:0, instance:testCases.TC002_Login_Test@7216fb24]" started-at="2025-11-13T13:37:24 IST" name="setup" finished-at="2025-11-13T13:37:28 IST" duration-ms="3556" status="PASS">
          <params>
            <param index="0">
              <value>
                <![CDATA[linux]]>
              </value>
            </param>
            <param index="1">
              <value>
                <![CDATA[chrome]]>
              </value>
            </param>
          </params>
          <reporter-output>
          </reporter-output>
        </test-method> <!-- setup -->
        <test-method signature="test_login()[pri:0, instance:testCases.TC002_Login_Test@7216fb24]" started-at="2025-11-13T13:37:28 IST" name="test_login" finished-at="2025-11-13T13:37:31 IST" duration-ms="3650" status="PASS">
          <reporter-output>
          </reporter-output>
        </test-method> <!-- test_login -->
        <test-method is-config="true" signature="tearDown()[pri:0, instance:testCases.TC002_Login_Test@7216fb24]" started-at="2025-11-13T13:37:31 IST" name="tearDown" finished-at="2025-11-13T13:37:31 IST" duration-ms="181" status="PASS">
          <reporter-output>
          </reporter-output>
        </test-method> <!-- tearDown -->
      </class> <!-- testCases.TC002_Login_Test -->
    </test> <!-- Test -->
  </suite> <!-- Suite -->
</testng-results>
