<?xml version="1.0" encoding="UTF-8"?>
<!-- Generated by org.testng.reporters.JUnitReportReporter -->
<testsuite hostname="DESKTOP-R6265M9" failures="0" tests="6" name="testCases.TC003_LoginDDT" time="49.251" errors="0" timestamp="2025-11-13T13:38:39 IST" skipped="0">
  <testcase classname="testCases.TC003_LoginDDT" name="verify_login" time="3.479"/>
  <testcase classname="testCases.TC003_LoginDDT" name="verify_login" time="18.018"/>
  <testcase classname="testCases.TC003_LoginDDT" name="verify_login" time="3.551"/>
  <testcase classname="testCases.TC003_LoginDDT" name="verify_login" time="17.368"/>
  <testcase classname="testCases.TC003_LoginDDT" name="verify_login" time="3.003"/>
  <testcase classname="testCases.TC003_LoginDDT" name="verify_login" time="3.832"/>
</testsuite> <!-- testCases.TC003_LoginDDT -->
